<?xml version="1.0" encoding="UTF-8" ?>
<testsuite tests="4" failures="0" name="RecentFileListTest" time="0.015" errors="1" skipped="0">
  <properties>
[...]
</properties>
  <testcase classname="RecentFileListTest" name="whenAFileIsOpenedThenItIsAddedToTheRecentFileList" time="0.004"/>
  <testcase classname="RecentFileListTest" name="whenTheRecentFileListGetsFullThenTheOldestItemIsRemovedWhenANewItemIsAdded" time="0.011">
    <error message="Index: 15, Size: 15" type="java.lang.IndexOutOfBoundsException">java.lang.IndexOutOfBoundsException: Index: 15, Size: 15
	at java.util.ArrayList.rangeCheck(ArrayList.java:657)
	at java.util.ArrayList.get(ArrayList.java:433)
	at RecentFileListTest.whenTheRecentFileListGetsFullThenTheOldestItemIsRemovedWhenANewItemIsAdded(RecentFileListTest.java:60)
	at sun.reflect.NativeMethodAccessorImpl.invoke0(Native Method)
	at sun.reflect.NativeMethodAccessorImpl.invoke(NativeMethodAccessorImpl.java:62)
	at sun.reflect.DelegatingMethodAccessorImpl.invoke(DelegatingMethodAccessorImpl.java:43)
	at java.lang.reflect.Method.invoke(Method.java:498)
	at org.junit.runners.model.FrameworkMethod$1.runReflectiveCall(FrameworkMethod.java:50)
	at org.junit.internal.runners.model.ReflectiveCallable.run(ReflectiveCallable.java:12)
	at org.junit.runners.model.FrameworkMethod.invokeExplosively(FrameworkMethod.java:47)
	at org.junit.internal.runners.statements.InvokeMethod.evaluate(InvokeMethod.java:17)
	at org.junit.runners.ParentRunner.runLeaf(ParentRunner.java:325)
	at org.junit.runners.BlockJUnit4ClassRunner.runChild(BlockJUnit4ClassRunner.java:78)
	at org.junit.runners.BlockJUnit4ClassRunner.runChild(BlockJUnit4ClassRunner.java:57)
	at org.junit.runners.ParentRunner$3.run(ParentRunner.java:290)
	at org.junit.runners.ParentRunner$1.schedule(ParentRunner.java:71)
	at org.junit.runners.ParentRunner.runChildren(ParentRunner.java:288)
	at org.junit.runners.ParentRunner.access$000(ParentRunner.java:58)
	at org.junit.runners.ParentRunner$2.evaluate(ParentRunner.java:268)
	at org.junit.runners.ParentRunner.run(ParentRunner.java:363)
	at org.apache.maven.surefire.junit4.JUnit4Provider.execute(JUnit4Provider.java:252)
	at org.apache.maven.surefire.junit4.JUnit4Provider.executeTestSet(JUnit4Provider.java:141)
	at org.apache.maven.surefire.junit4.JUnit4Provider.invoke(JUnit4Provider.java:112)
	at sun.reflect.NativeMethodAccessorImpl.invoke0(Native Method)
	at sun.reflect.NativeMethodAccessorImpl.invoke(NativeMethodAccessorImpl.java:62)
	at sun.reflect.DelegatingMethodAccessorImpl.invoke(DelegatingMethodAccessorImpl.java:43)
	at java.lang.reflect.Method.invoke(Method.java:498)
	at org.apache.maven.surefire.util.ReflectionUtils.invokeMethodWithArray(ReflectionUtils.java:189)
	at org.apache.maven.surefire.booter.ProviderFactory$ProviderProxy.invoke(ProviderFactory.java:165)
	at org.apache.maven.surefire.booter.ProviderFactory.invokeProvider(ProviderFactory.java:85)
	at org.apache.maven.surefire.booter.ForkedBooter.runSuitesInProcess(ForkedBooter.java:115)
	at org.apache.maven.surefire.booter.ForkedBooter.main(ForkedBooter.java:75)
</error>
    <system-out>The Recent Files are: [First]
The Recent Files are: [Second, First]
The Recent Files are: [Third, Second, First]
The Recent Files are: [Fourth, Third, Second, First]
The Recent Files are: [Fifth, Fourth, Third, Second, First]
The Recent Files are: [Sixth, Fifth, Fourth, Third, Second, First]
The Recent Files are: [Seventh, Sixth, Fifth, Fourth, Third, Second, First]
The Recent Files are: [Eighth, Seventh, Sixth, Fifth, Fourth, Third, Second, First]
The Recent Files are: [Ninth, Eighth, Seventh, Sixth, Fifth, Fourth, Third, Second, First]
The Recent Files are: [Tenth, Ninth, Eighth, Seventh, Sixth, Fifth, Fourth, Third, Second, First]
The Recent Files are: [Eleventh, Tenth, Ninth, Eighth, Seventh, Sixth, Fifth, Fourth, Third, Second, First]
The Recent Files are: [Twelfth, Eleventh, Tenth, Ninth, Eighth, Seventh, Sixth, Fifth, Fourth, Third, Second, First]
The Recent Files are: [Thirteenth, Twelfth, Eleventh, Tenth, Ninth, Eighth, Seventh, Sixth, Fifth, Fourth, Third, Second, First]
The Recent Files are: [Fourteenth, Thirteenth, Twelfth, Eleventh, Tenth, Ninth, Eighth, Seventh, Sixth, Fifth, Fourth, Third, Second, First]
The Recent Files are: [Fifteenth, Fourteenth, Thirteenth, Twelfth, Eleventh, Tenth, Ninth, Eighth, Seventh, Sixth, Fifth, Fourth, Third, Second, First]
The Recent Files are: [Sixteenth, Fifteenth, Fourteenth, Thirteenth, Twelfth, Eleventh, Tenth, Ninth, Eighth, Seventh, Sixth, Fifth, Fourth, Third, Second]
RecentFileList@5e265ba4
</system-out>
  </testcase>
  <testcase classname="RecentFileListTest" name="whenAnOpenedFileAlreadyExistsInTheRecentFileListItIsBumpedToTheTopNotDuplicatedInTheList" time="0"/>
  <testcase classname="RecentFileListTest" name="whenTheProgramIsRunForTheFirstTimeThenTheListIsEmpty" time="0"/>
</testsuite>